<?xml version="1.0" encoding="UTF-8"?>
<testsuite xmlns:xsi="http://www.w3.org/2001/XMLSchema-instance" xsi:noNamespaceSchemaLocation="https://maven.apache.org/surefire/maven-surefire-plugin/xsd/surefire-test-report-3.0.xsd" version="3.0" name="ut.CalculatorTest" time="0.182" tests="4" errors="0" skipped="0" failures="0">
  <properties>
    <property name="java.specification.version" value="17"/>
    <property name="sun.cpu.isalist" value="amd64"/>
    <property name="sun.jnu.encoding" value="Cp1252"/>
    <property name="java.class.path" value="C:\Users\varsha.karanth\git\gitopscalculator\target\test-classes;C:\Users\varsha.karanth\git\gitopscalculator\target\classes;C:\Users\varsha.karanth\.m2\repository\junit\junit\4.11\junit-4.11.jar;C:\Users\varsha.karanth\.m2\repository\org\hamcrest\hamcrest-core\1.3\hamcrest-core-1.3.jar;C:\Users\varsha.karanth\.m2\repository\javax\servlet\javax.servlet-api\4.0.1\javax.servlet-api-4.0.1.jar;"/>
    <property name="java.vm.vendor" value="Azul Systems, Inc."/>
    <property name="sun.arch.data.model" value="64"/>
    <property name="user.variant" value=""/>
    <property name="java.vendor.url" value="http://www.azul.com/"/>
    <property name="user.timezone" value="Asia/Calcutta"/>
    <property name="os.name" value="Windows 11"/>
    <property name="java.vm.specification.version" value="17"/>
    <property name="sun.java.launcher" value="SUN_STANDARD"/>
    <property name="user.country" value="US"/>
    <property name="sun.boot.library.path" value="C:\Program Files\Zulu\zulu-17\bin"/>
    <property name="sun.java.command" value="C:\Users\varsha.karanth\AppData\Local\Temp\surefire5483525717950747761\surefirebooter-20230921123401717_3.jar C:\Users\varsha.karanth\AppData\Local\Temp\surefire5483525717950747761 2023-09-21T12-34-01_242-jvmRun1 surefire-20230921123401717_1tmp surefire_0-20230921123401717_2tmp"/>
    <property name="jdk.debug" value="release"/>
    <property name="surefire.test.class.path" value="C:\Users\varsha.karanth\git\gitopscalculator\target\test-classes;C:\Users\varsha.karanth\git\gitopscalculator\target\classes;C:\Users\varsha.karanth\.m2\repository\junit\junit\4.11\junit-4.11.jar;C:\Users\varsha.karanth\.m2\repository\org\hamcrest\hamcrest-core\1.3\hamcrest-core-1.3.jar;C:\Users\varsha.karanth\.m2\repository\javax\servlet\javax.servlet-api\4.0.1\javax.servlet-api-4.0.1.jar;"/>
    <property name="sun.cpu.endian" value="little"/>
    <property name="user.home" value="C:\Users\varsha.karanth"/>
    <property name="user.language" value="en"/>
    <property name="java.specification.vendor" value="Oracle Corporation"/>
    <property name="java.version.date" value="2023-07-18"/>
    <property name="java.home" value="C:\Program Files\Zulu\zulu-17"/>
    <property name="file.separator" value="\"/>
    <property name="style.color" value="always"/>
    <property name="basedir" value="C:\Users\varsha.karanth\git\gitopscalculator"/>
    <property name="java.vm.compressedOopsMode" value="Zero based"/>
    <property name="line.separator" value="&#10;"/>
    <property name="java.vm.specification.vendor" value="Oracle Corporation"/>
    <property name="java.specification.name" value="Java Platform API Specification"/>
    <property name="surefire.real.class.path" value="C:\Users\varsha.karanth\AppData\Local\Temp\surefire5483525717950747761\surefirebooter-20230921123401717_3.jar"/>
    <property name="user.script" value=""/>
    <property name="sun.management.compiler" value="HotSpot 64-Bit Tiered Compilers"/>
    <property name="java.runtime.version" value="17.0.8+7-LTS"/>
    <property name="user.name" value="varsha.karanth"/>
    <property name="path.separator" value=";"/>
    <property name="os.version" value="10.0"/>
    <property name="java.runtime.name" value="OpenJDK Runtime Environment"/>
    <property name="file.encoding" value="Cp1252"/>
    <property name="java.vm.name" value="OpenJDK 64-Bit Server VM"/>
    <property name="java.vendor.version" value="Zulu17.44+16-SA"/>
    <property name="localRepository" value="C:\Users\varsha.karanth\.m2\repository"/>
    <property name="java.vendor.url.bug" value="http://www.azul.com/support/"/>
    <property name="java.io.tmpdir" value="C:\Users\varsha.karanth\AppData\Local\Temp\"/>
    <property name="java.version" value="17.0.8"/>
    <property name="user.dir" value="C:\Users\varsha.karanth\git\gitopscalculator"/>
    <property name="os.arch" value="amd64"/>
    <property name="java.vm.specification.name" value="Java Virtual Machine Specification"/>
    <property name="sun.os.patch.level" value=""/>
    <property name="native.encoding" value="Cp1252"/>
    <property name="java.library.path" value="C:\Program Files\Zulu\zulu-17\bin;C:\WINDOWS\Sun\Java\bin;C:\WINDOWS\system32;C:\WINDOWS;C:/Program Files/Zulu/zulu-17/bin/server;C:/Program Files/Zulu/zulu-17/bin;C:\Program Files\Zulu\zulu-17-jre\bin\;C:\Program Files\Zulu\zulu-17\bin\;C:\Python310\Scripts\;C:\Python310\;C:\WINDOWS\system32;C:\WINDOWS;C:\WINDOWS\System32\Wbem;C:\WINDOWS\System32\WindowsPowerShell\v1.0\;C:\WINDOWS\System32\OpenSSH\;C:\Program Files\Microsoft VS Code\bin;C:\Users\varsha.karanth\bin\;C:\Users\varsha.karanth\AppData\Roaming\nvm;C:\Program Files\nodejs;;C:\ProgramData\chocolatey\bin;C:\ProgramData\Microsoft\Windows\Start Menu\Programs\Node.js;C:\Program Files\dotnet\;C:\Program Files\Go\bin;C:\Program Files\Amazon\AWSCLIV2\;C:\Users\varsha.karanth\AppData\Local\Microsoft\WindowsApps;C:\Users\varsha.karanth\Java\zulu11.54.25-ca-jdk11.0.14.1-win_x64\bin;C:\Users\varsha.karanth\AppData\Local\GitHubDesktop\bin;C:\Users\varsha.karanth\AppData\Local\Programs\Git\cmd;C:\Users\varsha.karanth\AppData\Local\Yarn\bin;C:\Users\varsha.karanth\terraform_1.3.4;C:\Windows\System32\cmd.exe;node_modules\typescript;node_modules\npm;C:\Users\varsha.karanth\AppData\Roaming\npm\node_modules\yarn\;C:\Program Files\nodejs;C:\ProgramData\Microsoft\Windows\Start Menu\Programs\NVM for Windows;C:\Users\varsha.karanth\Downloads\terragrunt\terragrunt;C:\Users\varsha.karanth\AppData\Local\Programs\Microsoft VS Code\bin;C:\Program Files\Go;C:\Users\varsha.karanth\AppData\Roaming\nvm;C:\Users\varsha.karanth\gruntwork;;D:\varsha.karanth\OneDrive - Infosys Limited\Desktop;;."/>
    <property name="java.vm.info" value="mixed mode, sharing"/>
    <property name="java.vendor" value="Azul Systems, Inc."/>
    <property name="java.vm.version" value="17.0.8+7-LTS"/>
    <property name="sun.io.unicode.encoding" value="UnicodeLittle"/>
    <property name="java.class.version" value="61.0"/>
  </properties>
  <testcase name="testAdd" classname="ut.CalculatorTest" time="0.005"/>
  <testcase name="testDiv" classname="ut.CalculatorTest" time="0.0"/>
  <testcase name="testMul" classname="ut.CalculatorTest" time="0.0"/>
  <testcase name="testSub" classname="ut.CalculatorTest" time="0.001"/>
</testsuite>